2025-06-24 22:40:10,080 - AriaCompleta - INFO - Inicializando sistemas de Aria...
2025-06-24 22:40:20,832 - SistemaVisual - INFO - Cámara inicializada correctamente
2025-06-24 22:40:20,909 - SistemaVisual - INFO - Clasificadores cargados correctamente
2025-06-24 22:40:20,910 - SistemaAuditivo - ERROR - Error inicializando audio: module 'speech_recognition' has no attribute 'Recognizer'
2025-06-24 22:40:20,910 - SistemaAuditivo - INFO - Iniciando modo simulado de audio
2025-06-24 22:40:20,911 - SistemaVocal - ERROR - Error inicializando pyttsx3: module 'pyttsx3' has no attribute 'init'
2025-06-24 22:40:20,911 - SistemaVocal - INFO - Iniciando modo simulado de voz
2025-06-24 22:40:20,939 - PersonalidadCentral - INFO - Sistema de personalidad configurado
2025-06-24 22:40:20,959 - SistemaVisual - INFO - Captura visual iniciada
2025-06-24 22:40:20,960 - SistemaAuditivo - INFO - Escucha iniciada
2025-06-24 22:40:20,960 - SistemaVocal - INFO - Mensaje agregado a cola: 'Hola, soy Aria. Mis sistemas sensoriales están act...'
2025-06-24 22:40:20,961 - IntegradorSensorial - INFO - Integrador sensorial iniciado
2025-06-24 22:40:20,961 - SistemaVocal - INFO - Mensaje agregado a cola: '¡Hola! Soy Aria. Todos mis sistemas están activos:...'
2025-06-24 22:40:26,116 - SistemaVocal - INFO - Hablado (simulado): '¡Hola! Soy Aria. Todos mis sistemas están activos:...'
2025-06-24 22:40:30,971 - SistemaAuditivo - INFO - Audio procesado: 'Hola Aria, ¿cómo estás?'
2025-06-24 22:40:33,621 - IntegradorSensorial - INFO - Procesando comando de voz: 'hola aria, ¿cómo estás?'
2025-06-24 22:40:36,530 - SistemaVocal - INFO - Mensaje agregado a cola: '¡Hola! ¿Cómo estás? ¿En qué puedo ayudarte hoy?...'
2025-06-24 22:40:43,549 - SistemaAuditivo - INFO - Audio procesado: '¿Puedes ayudarme con algo?'
2025-06-24 22:40:43,549 - SistemaVocal - INFO - Hablado (simulado): '¡Hola! ¿Cómo estás? ¿En qué puedo ayudarte hoy?...'
2025-06-24 22:40:44,128 - IntegradorSensorial - INFO - Procesando comando de voz: '¿puedes ayudarme con algo?'
2025-06-24 22:40:44,215 - SistemaVocal - INFO - Mensaje agregado a cola: 'Puedo verte a través de mi cámara, escucharte por ...'
2025-06-24 22:40:49,262 - SistemaVocal - INFO - Hablado (simulado): 'Puedo verte a través de mi cámara, escucharte por ...'
2025-06-24 22:40:54,022 - SistemaAuditivo - INFO - Audio procesado: 'Cuéntame sobre el clima'
2025-06-24 22:40:54,034 - IntegradorSensorial - INFO - Procesando comando de voz: 'cuéntame sobre el clima'
2025-06-24 22:40:54,034 - SistemaVocal - INFO - Mensaje agregado a cola: 'Estoy procesando lo que dijiste. ¿Puedes reformula...'
2025-06-24 22:40:57,738 - SistemaVocal - INFO - Hablado (simulado): 'Estoy procesando lo que dijiste. ¿Puedes reformula...'
2025-06-24 22:41:04,023 - SistemaAuditivo - INFO - Audio procesado: '¿Qué hora es?'
2025-06-24 22:41:04,117 - IntegradorSensorial - INFO - Procesando comando de voz: '¿qué hora es?'
2025-06-24 22:41:04,125 - SistemaVocal - INFO - Mensaje agregado a cola: 'Son las 22:41....'
2025-06-24 22:41:05,418 - SistemaVocal - INFO - Hablado (simulado): 'Son las 22:41....'
2025-06-24 22:41:14,033 - SistemaAuditivo - INFO - Audio procesado: 'Gracias por tu ayuda'
2025-06-24 22:41:14,969 - IntegradorSensorial - INFO - Procesando comando de voz: 'gracias por tu ayuda'
2025-06-24 22:41:20,696 - SistemaVocal - INFO - Mensaje agregado a cola: 'Puedo verte a través de mi cámara, escucharte por ...'
2025-06-24 22:41:24,866 - SistemaAuditivo - INFO - Audio procesado: 'Hola Aria, ¿cómo estás?'
2025-06-24 22:41:27,898 - IntegradorSensorial - INFO - Procesando comando de voz: 'hola aria, ¿cómo estás?'
2025-06-24 22:41:28,671 - SistemaVocal - INFO - Hablado (simulado): 'Puedo verte a través de mi cámara, escucharte por ...'
2025-06-24 22:41:32,704 - SistemaVocal - INFO - Mensaje agregado a cola: '¡Hola! ¿Cómo estás? ¿En qué puedo ayudarte hoy?...'
2025-06-24 22:41:35,961 - SistemaVocal - INFO - Hablado (simulado): '¡Hola! ¿Cómo estás? ¿En qué puedo ayudarte hoy?...'
2025-06-24 22:41:37,757 - SistemaAuditivo - INFO - Audio procesado: '¿Puedes ayudarme con algo?'
2025-06-24 22:41:40,170 - IntegradorSensorial - INFO - Procesando comando de voz: '¿puedes ayudarme con algo?'
2025-06-24 22:41:43,082 - SistemaVocal - INFO - Mensaje agregado a cola: 'Puedo verte a través de mi cámara, escucharte por ...'
2025-06-24 22:41:48,190 - SistemaVocal - INFO - Hablado (simulado): 'Puedo verte a través de mi cámara, escucharte por ...'
2025-06-24 22:41:50,043 - SistemaAuditivo - INFO - Audio procesado: 'Cuéntame sobre el clima'
2025-06-24 22:41:50,216 - IntegradorSensorial - INFO - Procesando comando de voz: 'cuéntame sobre el clima'
2025-06-24 22:41:50,219 - SistemaVocal - INFO - Mensaje agregado a cola: 'Estoy procesando lo que dijiste. ¿Puedes reformula...'
2025-06-24 22:41:54,346 - SistemaVocal - INFO - Hablado (simulado): 'Estoy procesando lo que dijiste. ¿Puedes reformula...'
2025-06-24 22:42:00,221 - SistemaAuditivo - INFO - Audio procesado: '¿Qué hora es?'
2025-06-24 22:42:00,351 - IntegradorSensorial - INFO - Procesando comando de voz: '¿qué hora es?'
2025-06-24 22:42:00,353 - SistemaVocal - INFO - Mensaje agregado a cola: 'Son las 22:42....'
2025-06-24 22:42:01,680 - SistemaVocal - INFO - Hablado (simulado): 'Son las 22:42....'
2025-06-24 22:42:10,353 - SistemaAuditivo - INFO - Audio procesado: 'Gracias por tu ayuda'
2025-06-24 22:42:12,399 - IntegradorSensorial - INFO - Procesando comando de voz: 'gracias por tu ayuda'
2025-06-24 22:42:13,681 - SistemaVocal - INFO - Mensaje agregado a cola: 'Puedo verte a través de mi cámara, escucharte por ...'
2025-06-24 22:42:18,737 - SistemaVocal - INFO - Hablado (simulado): 'Puedo verte a través de mi cámara, escucharte por ...'
2025-06-24 22:42:22,334 - SistemaAuditivo - INFO - Audio procesado: 'Hola Aria, ¿cómo estás?'
2025-06-24 22:42:22,429 - IntegradorSensorial - INFO - Procesando comando de voz: 'hola aria, ¿cómo estás?'
2025-06-24 22:42:22,430 - SistemaVocal - INFO - Mensaje agregado a cola: '¡Hola! ¿Cómo estás? ¿En qué puedo ayudarte hoy?...'
2025-06-24 22:42:25,745 - SistemaVocal - INFO - Hablado (simulado): '¡Hola! ¿Cómo estás? ¿En qué puedo ayudarte hoy?...'
2025-06-24 22:42:32,336 - SistemaAuditivo - INFO - Audio procesado: '¿Puedes ayudarme con algo?'
2025-06-24 22:42:32,351 - IntegradorSensorial - INFO - Procesando comando de voz: '¿puedes ayudarme con algo?'
2025-06-24 22:42:32,352 - SistemaVocal - INFO - Mensaje agregado a cola: 'Puedo verte a través de mi cámara, escucharte por ...'
2025-06-24 22:42:37,464 - SistemaVocal - INFO - Hablado (simulado): 'Puedo verte a través de mi cámara, escucharte por ...'
2025-06-24 22:42:42,337 - SistemaAuditivo - INFO - Audio procesado: 'Cuéntame sobre el clima'
2025-06-24 22:42:42,368 - IntegradorSensorial - INFO - Procesando comando de voz: 'cuéntame sobre el clima'
2025-06-24 22:42:42,370 - SistemaVocal - INFO - Mensaje agregado a cola: 'Estoy procesando lo que dijiste. ¿Puedes reformula...'
2025-06-24 22:42:46,117 - SistemaVocal - INFO - Hablado (simulado): 'Estoy procesando lo que dijiste. ¿Puedes reformula...'
2025-06-24 22:42:52,337 - SistemaAuditivo - INFO - Audio procesado: '¿Qué hora es?'
2025-06-24 22:42:52,435 - IntegradorSensorial - INFO - Procesando comando de voz: '¿qué hora es?'
2025-06-24 22:42:52,436 - SistemaVocal - INFO - Mensaje agregado a cola: 'Son las 22:42....'
2025-06-24 22:42:53,737 - SistemaVocal - INFO - Hablado (simulado): 'Son las 22:42....'
2025-06-24 22:43:02,341 - SistemaAuditivo - INFO - Audio procesado: 'Gracias por tu ayuda'
2025-06-24 22:43:02,416 - IntegradorSensorial - INFO - Procesando comando de voz: 'gracias por tu ayuda'
2025-06-24 22:43:02,420 - SistemaVocal - INFO - Mensaje agregado a cola: 'Puedo verte a través de mi cámara, escucharte por ...'
2025-06-24 22:43:07,544 - SistemaVocal - INFO - Hablado (simulado): 'Puedo verte a través de mi cámara, escucharte por ...'
2025-06-24 22:43:12,351 - SistemaAuditivo - INFO - Audio procesado: 'Hola Aria, ¿cómo estás?'
2025-06-24 22:43:12,398 - IntegradorSensorial - INFO - Procesando comando de voz: 'hola aria, ¿cómo estás?'
2025-06-24 22:43:12,398 - SistemaVocal - INFO - Mensaje agregado a cola: '¡Hola! ¿Cómo estás? ¿En qué puedo ayudarte hoy?...'
2025-06-24 22:43:15,700 - SistemaVocal - INFO - Hablado (simulado): '¡Hola! ¿Cómo estás? ¿En qué puedo ayudarte hoy?...'
2025-06-24 22:43:22,364 - SistemaAuditivo - INFO - Audio procesado: '¿Puedes ayudarme con algo?'
2025-06-24 22:43:22,374 - IntegradorSensorial - INFO - Procesando comando de voz: '¿puedes ayudarme con algo?'
2025-06-24 22:43:22,375 - SistemaVocal - INFO - Mensaje agregado a cola: 'Puedo verte a través de mi cámara, escucharte por ...'
2025-06-24 22:43:27,672 - SistemaVocal - INFO - Hablado (simulado): 'Puedo verte a través de mi cámara, escucharte por ...'
2025-06-24 22:43:32,392 - SistemaAuditivo - INFO - Audio procesado: 'Cuéntame sobre el clima'
2025-06-24 22:43:32,749 - IntegradorSensorial - INFO - Procesando comando de voz: 'cuéntame sobre el clima'
2025-06-24 22:43:32,749 - SistemaVocal - INFO - Mensaje agregado a cola: 'Estoy procesando lo que dijiste. ¿Puedes reformula...'
2025-06-24 22:43:36,471 - SistemaVocal - INFO - Hablado (simulado): 'Estoy procesando lo que dijiste. ¿Puedes reformula...'
2025-06-24 22:43:42,684 - SistemaAuditivo - INFO - Audio procesado: '¿Qué hora es?'
2025-06-24 22:43:42,760 - IntegradorSensorial - INFO - Procesando comando de voz: '¿qué hora es?'
2025-06-24 22:43:42,760 - SistemaVocal - INFO - Mensaje agregado a cola: 'Son las 22:43....'
2025-06-24 22:43:44,209 - SistemaVocal - INFO - Hablado (simulado): 'Son las 22:43....'
2025-06-24 22:43:52,691 - SistemaAuditivo - INFO - Audio procesado: 'Gracias por tu ayuda'
2025-06-24 22:43:52,762 - IntegradorSensorial - INFO - Procesando comando de voz: 'gracias por tu ayuda'
2025-06-24 22:43:52,764 - SistemaVocal - INFO - Mensaje agregado a cola: 'Puedo verte a través de mi cámara, escucharte por ...'
2025-06-24 22:43:57,826 - SistemaVocal - INFO - Hablado (simulado): 'Puedo verte a través de mi cámara, escucharte por ...'
2025-06-24 22:44:02,692 - SistemaAuditivo - INFO - Audio procesado: 'Hola Aria, ¿cómo estás?'
2025-06-24 22:44:02,719 - IntegradorSensorial - INFO - Procesando comando de voz: 'hola aria, ¿cómo estás?'
2025-06-24 22:44:02,720 - SistemaVocal - INFO - Mensaje agregado a cola: '¡Hola! ¿Cómo estás? ¿En qué puedo ayudarte hoy?...'
2025-06-24 22:44:06,020 - SistemaVocal - INFO - Hablado (simulado): '¡Hola! ¿Cómo estás? ¿En qué puedo ayudarte hoy?...'
2025-06-24 22:44:12,693 - SistemaAuditivo - INFO - Audio procesado: '¿Puedes ayudarme con algo?'
2025-06-24 22:44:12,798 - IntegradorSensorial - INFO - Procesando comando de voz: '¿puedes ayudarme con algo?'
2025-06-24 22:44:12,915 - SistemaVocal - INFO - Mensaje agregado a cola: 'Puedo verte a través de mi cámara, escucharte por ...'
2025-06-24 22:44:18,025 - SistemaVocal - INFO - Hablado (simulado): 'Puedo verte a través de mi cámara, escucharte por ...'
2025-06-24 22:44:22,695 - SistemaAuditivo - INFO - Audio procesado: 'Cuéntame sobre el clima'
2025-06-24 22:44:22,769 - IntegradorSensorial - INFO - Procesando comando de voz: 'cuéntame sobre el clima'
2025-06-24 22:44:22,777 - SistemaVocal - INFO - Mensaje agregado a cola: 'Estoy procesando lo que dijiste. ¿Puedes reformula...'
2025-06-24 22:44:26,470 - SistemaVocal - INFO - Hablado (simulado): 'Estoy procesando lo que dijiste. ¿Puedes reformula...'
2025-06-24 22:44:32,711 - SistemaAuditivo - INFO - Audio procesado: '¿Qué hora es?'
2025-06-24 22:44:33,002 - IntegradorSensorial - INFO - Procesando comando de voz: '¿qué hora es?'
2025-06-24 22:44:33,023 - SistemaVocal - INFO - Mensaje agregado a cola: 'Son las 22:44....'
2025-06-24 22:44:34,390 - SistemaVocal - INFO - Hablado (simulado): 'Son las 22:44....'
2025-06-24 22:44:42,997 - SistemaAuditivo - INFO - Audio procesado: 'Gracias por tu ayuda'
2025-06-24 22:44:43,102 - IntegradorSensorial - INFO - Procesando comando de voz: 'gracias por tu ayuda'
2025-06-24 22:44:43,103 - SistemaVocal - INFO - Mensaje agregado a cola: 'Puedo verte a través de mi cámara, escucharte por ...'
2025-06-24 22:44:48,205 - SistemaVocal - INFO - Hablado (simulado): 'Puedo verte a través de mi cámara, escucharte por ...'
2025-06-24 22:44:52,998 - SistemaAuditivo - INFO - Audio procesado: 'Hola Aria, ¿cómo estás?'
2025-06-24 22:44:53,040 - IntegradorSensorial - INFO - Procesando comando de voz: 'hola aria, ¿cómo estás?'
2025-06-24 22:44:53,046 - SistemaVocal - INFO - Mensaje agregado a cola: '¡Hola! ¿Cómo estás? ¿En qué puedo ayudarte hoy?...'
2025-06-24 22:44:56,480 - SistemaVocal - INFO - Hablado (simulado): '¡Hola! ¿Cómo estás? ¿En qué puedo ayudarte hoy?...'
2025-06-24 22:45:03,004 - SistemaAuditivo - INFO - Audio procesado: '¿Puedes ayudarme con algo?'
2025-06-24 22:45:03,301 - IntegradorSensorial - INFO - Procesando comando de voz: '¿puedes ayudarme con algo?'
2025-06-24 22:45:03,352 - SistemaVocal - INFO - Mensaje agregado a cola: 'Puedo verte a través de mi cámara, escucharte por ...'
2025-06-24 22:45:08,404 - SistemaVocal - INFO - Hablado (simulado): 'Puedo verte a través de mi cámara, escucharte por ...'
2025-06-24 22:45:13,260 - SistemaAuditivo - INFO - Audio procesado: 'Cuéntame sobre el clima'
2025-06-24 22:45:13,400 - IntegradorSensorial - INFO - Procesando comando de voz: 'cuéntame sobre el clima'
2025-06-24 22:45:13,403 - SistemaVocal - INFO - Mensaje agregado a cola: 'Estoy procesando lo que dijiste. ¿Puedes reformula...'
2025-06-24 22:45:17,113 - SistemaVocal - INFO - Hablado (simulado): 'Estoy procesando lo que dijiste. ¿Puedes reformula...'
2025-06-24 22:45:23,348 - SistemaAuditivo - INFO - Audio procesado: '¿Qué hora es?'
2025-06-24 22:45:23,450 - IntegradorSensorial - INFO - Procesando comando de voz: '¿qué hora es?'
2025-06-24 22:45:23,516 - SistemaVocal - INFO - Mensaje agregado a cola: 'Son las 22:45....'
2025-06-24 22:45:24,825 - SistemaVocal - INFO - Hablado (simulado): 'Son las 22:45....'
2025-06-24 22:45:33,365 - SistemaAuditivo - INFO - Audio procesado: 'Gracias por tu ayuda'
2025-06-24 22:45:33,679 - IntegradorSensorial - INFO - Procesando comando de voz: 'gracias por tu ayuda'
2025-06-24 22:45:33,680 - SistemaVocal - INFO - Mensaje agregado a cola: 'Puedo verte a través de mi cámara, escucharte por ...'
2025-06-24 22:45:38,787 - SistemaVocal - INFO - Hablado (simulado): 'Puedo verte a través de mi cámara, escucharte por ...'
2025-06-24 22:45:43,672 - SistemaAuditivo - INFO - Audio procesado: 'Hola Aria, ¿cómo estás?'
2025-06-24 22:45:43,729 - IntegradorSensorial - INFO - Procesando comando de voz: 'hola aria, ¿cómo estás?'
2025-06-24 22:45:43,729 - SistemaVocal - INFO - Mensaje agregado a cola: '¡Hola! ¿Cómo estás? ¿En qué puedo ayudarte hoy?...'
2025-06-24 22:45:47,031 - SistemaVocal - INFO - Hablado (simulado): '¡Hola! ¿Cómo estás? ¿En qué puedo ayudarte hoy?...'
2025-06-24 22:45:53,673 - SistemaAuditivo - INFO - Audio procesado: '¿Puedes ayudarme con algo?'
2025-06-24 22:45:53,717 - IntegradorSensorial - INFO - Procesando comando de voz: '¿puedes ayudarme con algo?'
2025-06-24 22:45:53,717 - SistemaVocal - INFO - Mensaje agregado a cola: 'Puedo verte a través de mi cámara, escucharte por ...'
2025-06-24 22:45:58,821 - SistemaVocal - INFO - Hablado (simulado): 'Puedo verte a través de mi cámara, escucharte por ...'
2025-06-24 22:46:03,675 - SistemaAuditivo - INFO - Audio procesado: 'Cuéntame sobre el clima'
2025-06-24 22:46:03,749 - IntegradorSensorial - INFO - Procesando comando de voz: 'cuéntame sobre el clima'
2025-06-24 22:46:03,749 - SistemaVocal - INFO - Mensaje agregado a cola: 'Estoy procesando lo que dijiste. ¿Puedes reformula...'
2025-06-24 22:46:07,509 - SistemaVocal - INFO - Hablado (simulado): 'Estoy procesando lo que dijiste. ¿Puedes reformula...'
2025-06-24 22:46:13,686 - SistemaAuditivo - INFO - Audio procesado: '¿Qué hora es?'
2025-06-24 22:46:13,780 - IntegradorSensorial - INFO - Procesando comando de voz: '¿qué hora es?'
2025-06-24 22:46:13,863 - SistemaVocal - INFO - Mensaje agregado a cola: 'Son las 22:46....'
2025-06-24 22:46:15,071 - SistemaVocal - INFO - Hablado (simulado): 'Son las 22:46....'
2025-06-24 22:46:23,691 - SistemaAuditivo - INFO - Audio procesado: 'Gracias por tu ayuda'
2025-06-24 22:46:23,704 - IntegradorSensorial - INFO - Procesando comando de voz: 'gracias por tu ayuda'
2025-06-24 22:46:23,709 - SistemaVocal - INFO - Mensaje agregado a cola: 'Puedo verte a través de mi cámara, escucharte por ...'
2025-06-24 22:46:28,825 - SistemaVocal - INFO - Hablado (simulado): 'Puedo verte a través de mi cámara, escucharte por ...'
2025-06-24 22:46:33,692 - SistemaAuditivo - INFO - Audio procesado: 'Hola Aria, ¿cómo estás?'
2025-06-24 22:46:33,696 - IntegradorSensorial - INFO - Procesando comando de voz: 'hola aria, ¿cómo estás?'
2025-06-24 22:46:33,697 - SistemaVocal - INFO - Mensaje agregado a cola: '¡Hola! ¿Cómo estás? ¿En qué puedo ayudarte hoy?...'
2025-06-24 22:46:37,049 - SistemaVocal - INFO - Hablado (simulado): '¡Hola! ¿Cómo estás? ¿En qué puedo ayudarte hoy?...'
2025-06-24 22:46:43,711 - SistemaAuditivo - INFO - Audio procesado: '¿Puedes ayudarme con algo?'
2025-06-24 22:46:47,992 - IntegradorSensorial - INFO - Procesando comando de voz: '¿puedes ayudarme con algo?'
2025-06-24 22:46:48,051 - SistemaVocal - INFO - Mensaje agregado a cola: 'Puedo verte a través de mi cámara, escucharte por ...'
2025-06-24 22:46:53,916 - SistemaVocal - INFO - Hablado (simulado): 'Puedo verte a través de mi cámara, escucharte por ...'
2025-06-24 22:46:58,010 - SistemaAuditivo - INFO - Audio procesado: 'Cuéntame sobre el clima'
2025-06-24 22:46:58,436 - IntegradorSensorial - INFO - Procesando comando de voz: 'cuéntame sobre el clima'
2025-06-24 22:46:58,448 - SistemaVocal - INFO - Mensaje agregado a cola: 'Estoy procesando lo que dijiste. ¿Puedes reformula...'
2025-06-24 22:47:02,347 - SistemaVocal - INFO - Hablado (simulado): 'Estoy procesando lo que dijiste. ¿Puedes reformula...'
2025-06-24 22:47:08,433 - SistemaAuditivo - INFO - Audio procesado: '¿Qué hora es?'
2025-06-24 22:47:08,442 - IntegradorSensorial - INFO - Procesando comando de voz: '¿qué hora es?'
2025-06-24 22:47:08,444 - SistemaVocal - INFO - Mensaje agregado a cola: 'Son las 22:47....'
2025-06-24 22:47:09,806 - SistemaVocal - INFO - Hablado (simulado): 'Son las 22:47....'
2025-06-24 22:47:18,449 - SistemaAuditivo - INFO - Audio procesado: 'Gracias por tu ayuda'
2025-06-24 22:47:19,196 - IntegradorSensorial - INFO - Procesando comando de voz: 'gracias por tu ayuda'
2025-06-24 22:47:22,725 - SistemaVocal - INFO - Mensaje agregado a cola: 'Puedo verte a través de mi cámara, escucharte por ...'
2025-06-24 22:47:27,886 - SistemaVocal - INFO - Hablado (simulado): 'Puedo verte a través de mi cámara, escucharte por ...'
2025-06-24 22:47:29,213 - SistemaAuditivo - INFO - Audio procesado: 'Hola Aria, ¿cómo estás?'
2025-06-24 22:47:32,976 - IntegradorSensorial - INFO - Procesando comando de voz: 'hola aria, ¿cómo estás?'
2025-06-24 22:47:37,219 - SistemaVocal - INFO - Mensaje agregado a cola: '¡Hola! ¿Cómo estás? ¿En qué puedo ayudarte hoy?...'
2025-06-24 22:47:42,918 - SistemaAuditivo - INFO - Audio procesado: '¿Puedes ayudarme con algo?'
2025-06-24 22:47:44,732 - IntegradorSensorial - INFO - Procesando comando de voz: '¿puedes ayudarme con algo?'
2025-06-24 22:47:44,758 - SistemaVocal - INFO - Hablado (simulado): '¡Hola! ¿Cómo estás? ¿En qué puedo ayudarte hoy?...'
2025-06-24 22:47:46,625 - SistemaVocal - INFO - Mensaje agregado a cola: 'Puedo verte a través de mi cámara, escucharte por ...'
2025-06-24 22:47:51,648 - SistemaVocal - INFO - Hablado (simulado): 'Puedo verte a través de mi cámara, escucharte por ...'
2025-06-24 22:47:54,628 - SistemaAuditivo - INFO - Audio procesado: 'Cuéntame sobre el clima'
2025-06-24 22:47:56,520 - IntegradorSensorial - INFO - Procesando comando de voz: 'cuéntame sobre el clima'
2025-06-24 22:47:57,009 - SistemaVocal - INFO - Mensaje agregado a cola: 'Estoy procesando lo que dijiste. ¿Puedes reformula...'
2025-06-24 22:48:00,898 - SistemaVocal - INFO - Hablado (simulado): 'Estoy procesando lo que dijiste. ¿Puedes reformula...'
2025-06-24 22:48:06,472 - SistemaAuditivo - INFO - Audio procesado: '¿Qué hora es?'
2025-06-24 22:48:06,562 - IntegradorSensorial - INFO - Procesando comando de voz: '¿qué hora es?'
2025-06-24 22:48:06,563 - SistemaVocal - INFO - Mensaje agregado a cola: 'Son las 22:48....'
2025-06-24 22:48:07,863 - SistemaVocal - INFO - Hablado (simulado): 'Son las 22:48....'
2025-06-24 22:48:16,474 - SistemaAuditivo - INFO - Audio procesado: 'Gracias por tu ayuda'
2025-06-24 22:48:16,635 - IntegradorSensorial - INFO - Procesando comando de voz: 'gracias por tu ayuda'
2025-06-24 22:48:16,639 - SistemaVocal - INFO - Mensaje agregado a cola: 'Puedo verte a través de mi cámara, escucharte por ...'
2025-06-24 22:48:21,734 - SistemaVocal - INFO - Hablado (simulado): 'Puedo verte a través de mi cámara, escucharte por ...'
2025-06-24 22:48:26,601 - SistemaAuditivo - INFO - Audio procesado: 'Hola Aria, ¿cómo estás?'
2025-06-24 22:48:26,700 - IntegradorSensorial - INFO - Procesando comando de voz: 'hola aria, ¿cómo estás?'
2025-06-24 22:48:26,712 - SistemaVocal - INFO - Mensaje agregado a cola: '¡Hola! ¿Cómo estás? ¿En qué puedo ayudarte hoy?...'
2025-06-24 22:48:29,932 - SistemaVocal - INFO - Hablado (simulado): '¡Hola! ¿Cómo estás? ¿En qué puedo ayudarte hoy?...'
2025-06-24 22:48:36,602 - SistemaAuditivo - INFO - Audio procesado: '¿Puedes ayudarme con algo?'
2025-06-24 22:48:36,660 - IntegradorSensorial - INFO - Procesando comando de voz: '¿puedes ayudarme con algo?'
2025-06-24 22:48:36,660 - SistemaVocal - INFO - Mensaje agregado a cola: 'Puedo verte a través de mi cámara, escucharte por ...'
2025-06-24 22:48:41,766 - SistemaVocal - INFO - Hablado (simulado): 'Puedo verte a través de mi cámara, escucharte por ...'
2025-06-24 22:48:46,609 - SistemaAuditivo - INFO - Audio procesado: 'Cuéntame sobre el clima'
2025-06-24 22:48:46,710 - IntegradorSensorial - INFO - Procesando comando de voz: 'cuéntame sobre el clima'
2025-06-24 22:48:46,790 - SistemaVocal - INFO - Mensaje agregado a cola: 'Estoy procesando lo que dijiste. ¿Puedes reformula...'
2025-06-24 22:48:50,418 - SistemaVocal - INFO - Hablado (simulado): 'Estoy procesando lo que dijiste. ¿Puedes reformula...'
2025-06-24 22:48:56,664 - SistemaAuditivo - INFO - Audio procesado: '¿Qué hora es?'
2025-06-24 22:48:56,696 - IntegradorSensorial - INFO - Procesando comando de voz: '¿qué hora es?'
2025-06-24 22:48:56,697 - SistemaVocal - INFO - Mensaje agregado a cola: 'Son las 22:48....'
2025-06-24 22:48:58,000 - SistemaVocal - INFO - Hablado (simulado): 'Son las 22:48....'
2025-06-24 22:49:06,668 - SistemaAuditivo - INFO - Audio procesado: 'Gracias por tu ayuda'
2025-06-24 22:49:06,691 - IntegradorSensorial - INFO - Procesando comando de voz: 'gracias por tu ayuda'
2025-06-24 22:49:06,691 - SistemaVocal - INFO - Mensaje agregado a cola: 'Puedo verte a través de mi cámara, escucharte por ...'
2025-06-24 22:49:11,822 - SistemaVocal - INFO - Hablado (simulado): 'Puedo verte a través de mi cámara, escucharte por ...'
2025-06-24 22:49:16,668 - SistemaAuditivo - INFO - Audio procesado: 'Hola Aria, ¿cómo estás?'
2025-06-24 22:49:16,730 - IntegradorSensorial - INFO - Procesando comando de voz: 'hola aria, ¿cómo estás?'
2025-06-24 22:49:16,731 - SistemaVocal - INFO - Mensaje agregado a cola: '¡Hola! ¿Cómo estás? ¿En qué puedo ayudarte hoy?...'
2025-06-24 22:49:19,957 - SistemaVocal - INFO - Hablado (simulado): '¡Hola! ¿Cómo estás? ¿En qué puedo ayudarte hoy?...'
2025-06-24 22:49:26,679 - SistemaAuditivo - INFO - Audio procesado: '¿Puedes ayudarme con algo?'
2025-06-24 22:49:26,741 - IntegradorSensorial - INFO - Procesando comando de voz: '¿puedes ayudarme con algo?'
2025-06-24 22:49:26,761 - SistemaVocal - INFO - Mensaje agregado a cola: 'Puedo verte a través de mi cámara, escucharte por ...'
2025-06-24 22:49:31,860 - SistemaVocal - INFO - Hablado (simulado): 'Puedo verte a través de mi cámara, escucharte por ...'
2025-06-24 22:49:36,713 - SistemaAuditivo - INFO - Audio procesado: 'Cuéntame sobre el clima'
2025-06-24 22:49:36,729 - IntegradorSensorial - INFO - Procesando comando de voz: 'cuéntame sobre el clima'
2025-06-24 22:49:36,730 - SistemaVocal - INFO - Mensaje agregado a cola: 'Estoy procesando lo que dijiste. ¿Puedes reformula...'
2025-06-24 22:49:40,468 - SistemaVocal - INFO - Hablado (simulado): 'Estoy procesando lo que dijiste. ¿Puedes reformula...'
2025-06-24 22:49:46,718 - SistemaAuditivo - INFO - Audio procesado: '¿Qué hora es?'
2025-06-24 22:49:46,861 - IntegradorSensorial - INFO - Procesando comando de voz: '¿qué hora es?'
2025-06-24 22:49:46,921 - SistemaVocal - INFO - Mensaje agregado a cola: 'Son las 22:49....'
2025-06-24 22:49:48,163 - SistemaVocal - INFO - Hablado (simulado): 'Son las 22:49....'
2025-06-24 22:49:56,719 - SistemaAuditivo - INFO - Audio procesado: 'Gracias por tu ayuda'
2025-06-24 22:49:56,810 - IntegradorSensorial - INFO - Procesando comando de voz: 'gracias por tu ayuda'
2025-06-24 22:49:56,811 - SistemaVocal - INFO - Mensaje agregado a cola: 'Puedo verte a través de mi cámara, escucharte por ...'
2025-06-24 22:50:01,922 - SistemaVocal - INFO - Hablado (simulado): 'Puedo verte a través de mi cámara, escucharte por ...'
2025-06-24 22:50:06,721 - SistemaAuditivo - INFO - Audio procesado: 'Hola Aria, ¿cómo estás?'
2025-06-24 22:50:06,723 - IntegradorSensorial - INFO - Procesando comando de voz: 'hola aria, ¿cómo estás?'
2025-06-24 22:50:06,723 - SistemaVocal - INFO - Mensaje agregado a cola: '¡Hola! ¿Cómo estás? ¿En qué puedo ayudarte hoy?...'
2025-06-24 22:50:10,054 - SistemaVocal - INFO - Hablado (simulado): '¡Hola! ¿Cómo estás? ¿En qué puedo ayudarte hoy?...'
2025-06-24 22:50:16,726 - SistemaAuditivo - INFO - Audio procesado: '¿Puedes ayudarme con algo?'
2025-06-24 22:50:16,918 - IntegradorSensorial - INFO - Procesando comando de voz: '¿puedes ayudarme con algo?'
2025-06-24 22:50:16,922 - SistemaVocal - INFO - Mensaje agregado a cola: 'Puedo verte a través de mi cámara, escucharte por ...'
2025-06-24 22:50:22,018 - SistemaVocal - INFO - Hablado (simulado): 'Puedo verte a través de mi cámara, escucharte por ...'
2025-06-24 22:50:26,826 - SistemaAuditivo - INFO - Audio procesado: 'Cuéntame sobre el clima'
2025-06-24 22:50:26,887 - IntegradorSensorial - INFO - Procesando comando de voz: 'cuéntame sobre el clima'
2025-06-24 22:50:26,893 - SistemaVocal - INFO - Mensaje agregado a cola: 'Estoy procesando lo que dijiste. ¿Puedes reformula...'
2025-06-24 22:50:30,601 - SistemaVocal - INFO - Hablado (simulado): 'Estoy procesando lo que dijiste. ¿Puedes reformula...'
2025-06-24 22:50:36,827 - SistemaAuditivo - INFO - Audio procesado: '¿Qué hora es?'
2025-06-24 22:50:36,923 - IntegradorSensorial - INFO - Procesando comando de voz: '¿qué hora es?'
2025-06-24 22:50:36,923 - SistemaVocal - INFO - Mensaje agregado a cola: 'Son las 22:50....'
2025-06-24 22:50:38,172 - SistemaVocal - INFO - Hablado (simulado): 'Son las 22:50....'
2025-06-24 22:50:46,843 - SistemaAuditivo - INFO - Audio procesado: 'Gracias por tu ayuda'
2025-06-24 22:50:46,923 - IntegradorSensorial - INFO - Procesando comando de voz: 'gracias por tu ayuda'
2025-06-24 22:50:46,923 - SistemaVocal - INFO - Mensaje agregado a cola: 'Puedo verte a través de mi cámara, escucharte por ...'
2025-06-24 22:50:52,024 - SistemaVocal - INFO - Hablado (simulado): 'Puedo verte a través de mi cámara, escucharte por ...'
2025-06-24 22:50:56,853 - SistemaAuditivo - INFO - Audio procesado: 'Hola Aria, ¿cómo estás?'
2025-06-24 22:50:56,857 - IntegradorSensorial - INFO - Procesando comando de voz: 'hola aria, ¿cómo estás?'
2025-06-24 22:50:56,861 - SistemaVocal - INFO - Mensaje agregado a cola: '¡Hola! ¿Cómo estás? ¿En qué puedo ayudarte hoy?...'
2025-06-24 22:51:00,176 - SistemaVocal - INFO - Hablado (simulado): '¡Hola! ¿Cómo estás? ¿En qué puedo ayudarte hoy?...'
2025-06-24 22:51:06,856 - SistemaAuditivo - INFO - Audio procesado: '¿Puedes ayudarme con algo?'
2025-06-24 22:51:06,956 - IntegradorSensorial - INFO - Procesando comando de voz: '¿puedes ayudarme con algo?'
2025-06-24 22:51:06,982 - SistemaVocal - INFO - Mensaje agregado a cola: 'Puedo verte a través de mi cámara, escucharte por ...'
2025-06-24 22:51:12,078 - SistemaVocal - INFO - Hablado (simulado): 'Puedo verte a través de mi cámara, escucharte por ...'
2025-06-24 22:51:16,884 - SistemaAuditivo - INFO - Audio procesado: 'Cuéntame sobre el clima'
2025-06-24 22:51:16,919 - IntegradorSensorial - INFO - Procesando comando de voz: 'cuéntame sobre el clima'
2025-06-24 22:51:16,919 - SistemaVocal - INFO - Mensaje agregado a cola: 'Estoy procesando lo que dijiste. ¿Puedes reformula...'
2025-06-24 22:51:20,627 - SistemaVocal - INFO - Hablado (simulado): 'Estoy procesando lo que dijiste. ¿Puedes reformula...'
2025-06-24 22:51:26,919 - SistemaAuditivo - INFO - Audio procesado: '¿Qué hora es?'
2025-06-24 22:51:27,350 - IntegradorSensorial - INFO - Procesando comando de voz: '¿qué hora es?'
2025-06-24 22:51:27,388 - SistemaVocal - INFO - Mensaje agregado a cola: 'Son las 22:51....'
2025-06-24 22:51:28,651 - SistemaVocal - INFO - Hablado (simulado): 'Son las 22:51....'
2025-06-24 22:51:37,303 - SistemaAuditivo - INFO - Audio procesado: 'Gracias por tu ayuda'
2025-06-24 22:51:37,401 - IntegradorSensorial - INFO - Procesando comando de voz: 'gracias por tu ayuda'
2025-06-24 22:51:37,402 - SistemaVocal - INFO - Mensaje agregado a cola: 'Puedo verte a través de mi cámara, escucharte por ...'
2025-06-24 22:51:42,412 - SistemaVocal - INFO - Hablado (simulado): 'Puedo verte a través de mi cámara, escucharte por ...'
2025-06-24 22:51:47,303 - SistemaAuditivo - INFO - Audio procesado: 'Hola Aria, ¿cómo estás?'
2025-06-24 22:51:47,369 - IntegradorSensorial - INFO - Procesando comando de voz: 'hola aria, ¿cómo estás?'
2025-06-24 22:51:47,377 - SistemaVocal - INFO - Mensaje agregado a cola: '¡Hola! ¿Cómo estás? ¿En qué puedo ayudarte hoy?...'
2025-06-24 22:51:50,615 - SistemaVocal - INFO - Hablado (simulado): '¡Hola! ¿Cómo estás? ¿En qué puedo ayudarte hoy?...'
2025-06-24 22:51:57,313 - SistemaAuditivo - INFO - Audio procesado: '¿Puedes ayudarme con algo?'
2025-06-24 22:51:58,669 - IntegradorSensorial - INFO - Procesando comando de voz: '¿puedes ayudarme con algo?'
2025-06-24 22:51:58,712 - SistemaVocal - INFO - Mensaje agregado a cola: 'Puedo verte a través de mi cámara, escucharte por ...'
2025-06-24 22:52:08,137 - SistemaVocal - INFO - Hablado (simulado): 'Puedo verte a través de mi cámara, escucharte por ...'
2025-06-24 22:52:08,669 - SistemaAuditivo - INFO - Audio procesado: 'Cuéntame sobre el clima'
2025-06-24 22:52:11,058 - IntegradorSensorial - INFO - Procesando comando de voz: 'cuéntame sobre el clima'
2025-06-24 22:52:12,233 - SistemaVocal - INFO - Mensaje agregado a cola: 'Estoy procesando lo que dijiste. ¿Puedes reformula...'
2025-06-24 22:52:18,773 - SistemaVocal - INFO - Hablado (simulado): 'Estoy procesando lo que dijiste. ¿Puedes reformula...'
2025-06-24 22:52:21,041 - SistemaAuditivo - INFO - Audio procesado: '¿Qué hora es?'
2025-06-24 22:52:24,741 - IntegradorSensorial - INFO - Procesando comando de voz: '¿qué hora es?'
2025-06-24 22:52:26,842 - SistemaVocal - INFO - Mensaje agregado a cola: 'Son las 22:52....'
2025-06-24 22:52:32,098 - SistemaVocal - INFO - Hablado (simulado): 'Son las 22:52....'
2025-06-24 22:52:34,698 - SistemaAuditivo - INFO - Audio procesado: 'Gracias por tu ayuda'
2025-06-24 22:52:37,994 - IntegradorSensorial - INFO - Procesando comando de voz: 'gracias por tu ayuda'
2025-06-24 22:52:38,076 - SistemaVocal - INFO - Mensaje agregado a cola: 'Puedo verte a través de mi cámara, escucharte por ...'
2025-06-24 22:52:46,175 - SistemaVocal - INFO - Hablado (simulado): 'Puedo verte a través de mi cámara, escucharte por ...'
2025-06-24 22:52:48,002 - SistemaAuditivo - INFO - Audio procesado: 'Hola Aria, ¿cómo estás?'
2025-06-24 22:52:49,724 - IntegradorSensorial - INFO - Procesando comando de voz: 'hola aria, ¿cómo estás?'
2025-06-24 22:52:52,735 - SistemaVocal - INFO - Mensaje agregado a cola: '¡Hola! ¿Cómo estás? ¿En qué puedo ayudarte hoy?...'
2025-06-24 22:52:59,198 - SistemaVocal - INFO - Hablado (simulado): '¡Hola! ¿Cómo estás? ¿En qué puedo ayudarte hoy?...'
2025-06-24 22:52:59,699 - SistemaAuditivo - INFO - Audio procesado: '¿Puedes ayudarme con algo?'
2025-06-24 22:52:59,990 - IntegradorSensorial - INFO - Procesando comando de voz: '¿puedes ayudarme con algo?'
2025-06-24 22:53:00,121 - SistemaVocal - INFO - Mensaje agregado a cola: 'Puedo verte a través de mi cámara, escucharte por ...'
2025-06-24 22:53:05,435 - SistemaVocal - INFO - Hablado (simulado): 'Puedo verte a través de mi cámara, escucharte por ...'
2025-06-24 22:53:09,900 - SistemaAuditivo - INFO - Audio procesado: 'Cuéntame sobre el clima'
2025-06-24 22:53:10,867 - IntegradorSensorial - INFO - Procesando comando de voz: 'cuéntame sobre el clima'
2025-06-24 22:53:11,351 - SistemaVocal - INFO - Mensaje agregado a cola: 'Estoy procesando lo que dijiste. ¿Puedes reformula...'
2025-06-24 22:53:15,504 - SistemaVocal - INFO - Hablado (simulado): 'Estoy procesando lo que dijiste. ¿Puedes reformula...'
2025-06-24 22:53:20,777 - SistemaAuditivo - INFO - Audio procesado: '¿Qué hora es?'
2025-06-24 22:53:20,783 - IntegradorSensorial - INFO - Procesando comando de voz: '¿qué hora es?'
2025-06-24 22:53:20,786 - SistemaVocal - INFO - Mensaje agregado a cola: 'Son las 22:53....'
2025-06-24 22:53:22,088 - SistemaVocal - INFO - Hablado (simulado): 'Son las 22:53....'
2025-06-24 22:53:30,807 - SistemaAuditivo - INFO - Audio procesado: 'Gracias por tu ayuda'
2025-06-24 22:53:32,705 - IntegradorSensorial - INFO - Procesando comando de voz: 'gracias por tu ayuda'
2025-06-24 22:53:36,328 - SistemaVocal - INFO - Mensaje agregado a cola: 'Puedo verte a través de mi cámara, escucharte por ...'
2025-06-24 22:53:42,652 - SistemaAuditivo - INFO - Audio procesado: 'Hola Aria, ¿cómo estás?'
2025-06-24 22:53:45,952 - IntegradorSensorial - INFO - Procesando comando de voz: 'hola aria, ¿cómo estás?'
2025-06-24 22:53:45,977 - SistemaVocal - INFO - Hablado (simulado): 'Puedo verte a través de mi cámara, escucharte por ...'
2025-06-24 22:53:49,759 - SistemaVocal - INFO - Mensaje agregado a cola: '¡Hola! ¿Cómo estás? ¿En qué puedo ayudarte hoy?...'
2025-06-24 22:53:53,030 - SistemaVocal - INFO - Hablado (simulado): '¡Hola! ¿Cómo estás? ¿En qué puedo ayudarte hoy?...'
2025-06-24 22:53:55,945 - SistemaAuditivo - INFO - Audio procesado: '¿Puedes ayudarme con algo?'
2025-06-24 22:53:58,245 - IntegradorSensorial - INFO - Procesando comando de voz: '¿puedes ayudarme con algo?'
2025-06-24 22:54:00,397 - SistemaVocal - INFO - Mensaje agregado a cola: 'Puedo verte a través de mi cámara, escucharte por ...'
2025-06-24 22:54:07,445 - SistemaVocal - INFO - Hablado (simulado): 'Puedo verte a través de mi cámara, escucharte por ...'
2025-06-24 22:54:08,206 - SistemaAuditivo - INFO - Audio procesado: 'Cuéntame sobre el clima'
2025-06-24 22:54:09,543 - IntegradorSensorial - INFO - Procesando comando de voz: 'cuéntame sobre el clima'
2025-06-24 22:54:12,439 - SistemaVocal - INFO - Mensaje agregado a cola: 'Estoy procesando lo que dijiste. ¿Puedes reformula...'
2025-06-24 22:54:16,146 - SistemaVocal - INFO - Hablado (simulado): 'Estoy procesando lo que dijiste. ¿Puedes reformula...'
2025-06-24 22:54:19,460 - SistemaAuditivo - INFO - Audio procesado: '¿Qué hora es?'
2025-06-24 22:54:19,781 - IntegradorSensorial - INFO - Procesando comando de voz: '¿qué hora es?'
2025-06-24 22:54:20,081 - SistemaVocal - INFO - Mensaje agregado a cola: 'Son las 22:54....'
2025-06-24 22:54:21,318 - SistemaVocal - INFO - Hablado (simulado): 'Son las 22:54....'
2025-06-24 22:54:29,729 - SistemaAuditivo - INFO - Audio procesado: 'Gracias por tu ayuda'
2025-06-24 22:54:29,853 - IntegradorSensorial - INFO - Procesando comando de voz: 'gracias por tu ayuda'
2025-06-24 22:54:30,014 - SistemaVocal - INFO - Mensaje agregado a cola: 'Puedo verte a través de mi cámara, escucharte por ...'
2025-06-24 22:54:36,497 - SistemaVocal - INFO - Hablado (simulado): 'Puedo verte a través de mi cámara, escucharte por ...'
2025-06-24 22:54:39,893 - SistemaAuditivo - INFO - Audio procesado: 'Hola Aria, ¿cómo estás?'
2025-06-24 22:54:41,125 - IntegradorSensorial - INFO - Procesando comando de voz: 'hola aria, ¿cómo estás?'
2025-06-24 22:54:41,323 - SistemaVocal - INFO - Mensaje agregado a cola: '¡Hola! ¿Cómo estás? ¿En qué puedo ayudarte hoy?...'
2025-06-24 22:54:44,534 - SistemaVocal - INFO - Hablado (simulado): '¡Hola! ¿Cómo estás? ¿En qué puedo ayudarte hoy?...'
2025-06-24 22:54:51,017 - SistemaAuditivo - INFO - Audio procesado: '¿Puedes ayudarme con algo?'
2025-06-24 22:54:51,087 - IntegradorSensorial - INFO - Procesando comando de voz: '¿puedes ayudarme con algo?'
2025-06-24 22:54:51,089 - SistemaVocal - INFO - Mensaje agregado a cola: 'Puedo verte a través de mi cámara, escucharte por ...'
2025-06-24 22:54:56,189 - SistemaVocal - INFO - Hablado (simulado): 'Puedo verte a través de mi cámara, escucharte por ...'
2025-06-24 22:55:01,019 - SistemaAuditivo - INFO - Audio procesado: 'Cuéntame sobre el clima'
2025-06-24 22:55:01,117 - IntegradorSensorial - INFO - Procesando comando de voz: 'cuéntame sobre el clima'
2025-06-24 22:55:01,118 - SistemaVocal - INFO - Mensaje agregado a cola: 'Estoy procesando lo que dijiste. ¿Puedes reformula...'
2025-06-24 22:55:04,870 - SistemaVocal - INFO - Hablado (simulado): 'Estoy procesando lo que dijiste. ¿Puedes reformula...'
2025-06-24 22:55:11,099 - SistemaAuditivo - INFO - Audio procesado: '¿Qué hora es?'
2025-06-24 22:55:11,163 - IntegradorSensorial - INFO - Procesando comando de voz: '¿qué hora es?'
2025-06-24 22:55:11,164 - SistemaVocal - INFO - Mensaje agregado a cola: 'Son las 22:55....'
2025-06-24 22:55:12,465 - SistemaVocal - INFO - Hablado (simulado): 'Son las 22:55....'
2025-06-24 22:55:21,110 - SistemaAuditivo - INFO - Audio procesado: 'Gracias por tu ayuda'
2025-06-24 22:55:21,190 - IntegradorSensorial - INFO - Procesando comando de voz: 'gracias por tu ayuda'
2025-06-24 22:55:21,191 - SistemaVocal - INFO - Mensaje agregado a cola: 'Puedo verte a través de mi cámara, escucharte por ...'
2025-06-24 22:55:26,391 - SistemaVocal - INFO - Hablado (simulado): 'Puedo verte a través de mi cámara, escucharte por ...'
2025-06-24 22:55:31,128 - SistemaAuditivo - INFO - Audio procesado: 'Hola Aria, ¿cómo estás?'
2025-06-24 22:55:31,270 - IntegradorSensorial - INFO - Procesando comando de voz: 'hola aria, ¿cómo estás?'
2025-06-24 22:55:31,275 - SistemaVocal - INFO - Mensaje agregado a cola: '¡Hola! ¿Cómo estás? ¿En qué puedo ayudarte hoy?...'
2025-06-24 22:55:34,583 - SistemaVocal - INFO - Hablado (simulado): '¡Hola! ¿Cómo estás? ¿En qué puedo ayudarte hoy?...'
2025-06-24 22:55:41,218 - SistemaAuditivo - INFO - Audio procesado: '¿Puedes ayudarme con algo?'
2025-06-24 22:55:41,351 - IntegradorSensorial - INFO - Procesando comando de voz: '¿puedes ayudarme con algo?'
2025-06-24 22:55:41,351 - SistemaVocal - INFO - Mensaje agregado a cola: 'Puedo verte a través de mi cámara, escucharte por ...'
2025-06-24 22:55:46,388 - SistemaVocal - INFO - Hablado (simulado): 'Puedo verte a través de mi cámara, escucharte por ...'
2025-06-24 22:55:51,300 - SistemaAuditivo - INFO - Audio procesado: 'Cuéntame sobre el clima'
2025-06-24 22:55:51,386 - IntegradorSensorial - INFO - Procesando comando de voz: 'cuéntame sobre el clima'
2025-06-24 22:55:51,388 - SistemaVocal - INFO - Mensaje agregado a cola: 'Estoy procesando lo que dijiste. ¿Puedes reformula...'
2025-06-24 22:55:55,022 - SistemaVocal - INFO - Hablado (simulado): 'Estoy procesando lo que dijiste. ¿Puedes reformula...'
2025-06-24 22:56:01,309 - SistemaAuditivo - INFO - Audio procesado: '¿Qué hora es?'
2025-06-24 22:56:01,434 - IntegradorSensorial - INFO - Procesando comando de voz: '¿qué hora es?'
2025-06-24 22:56:01,439 - SistemaVocal - INFO - Mensaje agregado a cola: 'Son las 22:56....'
2025-06-24 22:56:02,754 - SistemaVocal - INFO - Hablado (simulado): 'Son las 22:56....'
2025-06-24 22:56:11,418 - SistemaAuditivo - INFO - Audio procesado: 'Gracias por tu ayuda'
2025-06-24 22:56:11,628 - IntegradorSensorial - INFO - Procesando comando de voz: 'gracias por tu ayuda'
2025-06-24 22:56:11,630 - SistemaVocal - INFO - Mensaje agregado a cola: 'Puedo verte a través de mi cámara, escucharte por ...'
2025-06-24 22:56:16,737 - SistemaVocal - INFO - Hablado (simulado): 'Puedo verte a través de mi cámara, escucharte por ...'
2025-06-24 22:56:21,621 - SistemaAuditivo - INFO - Audio procesado: 'Hola Aria, ¿cómo estás?'
2025-06-24 22:56:21,733 - IntegradorSensorial - INFO - Procesando comando de voz: 'hola aria, ¿cómo estás?'
2025-06-24 22:56:21,734 - SistemaVocal - INFO - Mensaje agregado a cola: '¡Hola! ¿Cómo estás? ¿En qué puedo ayudarte hoy?...'
2025-06-24 22:56:25,078 - SistemaVocal - INFO - Hablado (simulado): '¡Hola! ¿Cómo estás? ¿En qué puedo ayudarte hoy?...'
2025-06-24 22:56:31,644 - SistemaAuditivo - INFO - Audio procesado: '¿Puedes ayudarme con algo?'
2025-06-24 22:56:31,816 - IntegradorSensorial - INFO - Procesando comando de voz: '¿puedes ayudarme con algo?'
2025-06-24 22:56:31,817 - SistemaVocal - INFO - Mensaje agregado a cola: 'Puedo verte a través de mi cámara, escucharte por ...'
2025-06-24 22:56:36,920 - SistemaVocal - INFO - Hablado (simulado): 'Puedo verte a través de mi cámara, escucharte por ...'
2025-06-24 22:56:41,780 - SistemaAuditivo - INFO - Audio procesado: 'Cuéntame sobre el clima'
2025-06-24 22:56:41,867 - IntegradorSensorial - INFO - Procesando comando de voz: 'cuéntame sobre el clima'
2025-06-24 22:56:41,869 - SistemaVocal - INFO - Mensaje agregado a cola: 'Estoy procesando lo que dijiste. ¿Puedes reformula...'
2025-06-24 22:56:45,564 - SistemaVocal - INFO - Hablado (simulado): 'Estoy procesando lo que dijiste. ¿Puedes reformula...'
2025-06-24 22:56:51,781 - SistemaAuditivo - INFO - Audio procesado: '¿Qué hora es?'
2025-06-24 22:56:51,820 - IntegradorSensorial - INFO - Procesando comando de voz: '¿qué hora es?'
2025-06-24 22:56:51,821 - SistemaVocal - INFO - Mensaje agregado a cola: 'Son las 22:56....'
2025-06-24 22:56:53,128 - SistemaVocal - INFO - Hablado (simulado): 'Son las 22:56....'
2025-06-24 22:57:01,782 - SistemaAuditivo - INFO - Audio procesado: 'Gracias por tu ayuda'
2025-06-24 22:57:01,830 - IntegradorSensorial - INFO - Procesando comando de voz: 'gracias por tu ayuda'
2025-06-24 22:57:01,830 - SistemaVocal - INFO - Mensaje agregado a cola: 'Puedo verte a través de mi cámara, escucharte por ...'
2025-06-24 22:57:06,966 - SistemaVocal - INFO - Hablado (simulado): 'Puedo verte a través de mi cámara, escucharte por ...'
2025-06-24 22:57:11,788 - SistemaAuditivo - INFO - Audio procesado: 'Hola Aria, ¿cómo estás?'
2025-06-24 22:57:11,827 - IntegradorSensorial - INFO - Procesando comando de voz: 'hola aria, ¿cómo estás?'
2025-06-24 22:57:11,827 - SistemaVocal - INFO - Mensaje agregado a cola: '¡Hola! ¿Cómo estás? ¿En qué puedo ayudarte hoy?...'
2025-06-24 22:57:15,130 - SistemaVocal - INFO - Hablado (simulado): '¡Hola! ¿Cómo estás? ¿En qué puedo ayudarte hoy?...'
2025-06-24 22:57:21,799 - SistemaAuditivo - INFO - Audio procesado: '¿Puedes ayudarme con algo?'
2025-06-24 22:57:21,883 - IntegradorSensorial - INFO - Procesando comando de voz: '¿puedes ayudarme con algo?'
2025-06-24 22:57:22,012 - SistemaVocal - INFO - Mensaje agregado a cola: 'Puedo verte a través de mi cámara, escucharte por ...'
2025-06-24 22:57:27,103 - SistemaVocal - INFO - Hablado (simulado): 'Puedo verte a través de mi cámara, escucharte por ...'
2025-06-24 22:57:31,825 - SistemaAuditivo - INFO - Audio procesado: 'Cuéntame sobre el clima'
2025-06-24 22:57:34,687 - IntegradorSensorial - INFO - Procesando comando de voz: 'cuéntame sobre el clima'
2025-06-24 22:57:38,658 - SistemaVocal - INFO - Mensaje agregado a cola: 'Estoy procesando lo que dijiste. ¿Puedes reformula...'
2025-06-24 22:57:44,614 - SistemaAuditivo - INFO - Audio procesado: '¿Qué hora es?'
2025-06-24 22:57:46,776 - SistemaVocal - INFO - Hablado (simulado): 'Estoy procesando lo que dijiste. ¿Puedes reformula...'
2025-06-24 22:57:47,059 - IntegradorSensorial - INFO - Procesando comando de voz: '¿qué hora es?'
2025-06-24 22:57:51,623 - SistemaVocal - INFO - Mensaje agregado a cola: 'Son las 22:57....'
2025-06-24 22:57:56,949 - SistemaAuditivo - INFO - Audio procesado: 'Gracias por tu ayuda'
2025-06-24 22:57:57,842 - SistemaVocal - INFO - Hablado (simulado): 'Son las 22:57....'
2025-06-24 22:58:01,040 - IntegradorSensorial - INFO - Procesando comando de voz: 'gracias por tu ayuda'
2025-06-24 22:58:05,738 - SistemaVocal - INFO - Mensaje agregado a cola: 'Puedo verte a través de mi cámara, escucharte por ...'
2025-06-24 22:58:10,845 - SistemaVocal - INFO - Hablado (simulado): 'Puedo verte a través de mi cámara, escucharte por ...'
2025-06-24 22:58:10,970 - SistemaAuditivo - INFO - Audio procesado: 'Hola Aria, ¿cómo estás?'
2025-06-24 22:58:11,635 - IntegradorSensorial - INFO - Procesando comando de voz: 'hola aria, ¿cómo estás?'
2025-06-24 22:58:14,018 - SistemaVocal - INFO - Mensaje agregado a cola: '¡Hola! ¿Cómo estás? ¿En qué puedo ayudarte hoy?...'
2025-06-24 22:58:19,299 - SistemaVocal - INFO - Hablado (simulado): '¡Hola! ¿Cómo estás? ¿En qué puedo ayudarte hoy?...'
2025-06-24 22:58:21,593 - SistemaAuditivo - INFO - Audio procesado: '¿Puedes ayudarme con algo?'
2025-06-24 22:58:23,182 - IntegradorSensorial - INFO - Procesando comando de voz: '¿puedes ayudarme con algo?'
2025-06-24 22:58:25,241 - SistemaVocal - INFO - Mensaje agregado a cola: 'Puedo verte a través de mi cámara, escucharte por ...'
2025-06-24 22:58:30,336 - SistemaVocal - INFO - Hablado (simulado): 'Puedo verte a través de mi cámara, escucharte por ...'
2025-06-24 22:58:33,138 - SistemaAuditivo - INFO - Audio procesado: 'Cuéntame sobre el clima'
2025-06-24 22:58:34,412 - IntegradorSensorial - INFO - Procesando comando de voz: 'cuéntame sobre el clima'
2025-06-24 22:58:37,533 - SistemaVocal - INFO - Mensaje agregado a cola: 'Estoy procesando lo que dijiste. ¿Puedes reformula...'
2025-06-24 22:58:41,806 - SistemaVocal - INFO - Hablado (simulado): 'Estoy procesando lo que dijiste. ¿Puedes reformula...'
2025-06-24 22:58:44,306 - SistemaAuditivo - INFO - Audio procesado: '¿Qué hora es?'
2025-06-24 22:58:46,483 - IntegradorSensorial - INFO - Procesando comando de voz: '¿qué hora es?'
2025-06-24 22:58:46,502 - SistemaVocal - INFO - Mensaje agregado a cola: 'Son las 22:58....'
2025-06-24 22:58:51,592 - SistemaVocal - INFO - Hablado (simulado): 'Son las 22:58....'
2025-06-24 22:58:56,504 - SistemaAuditivo - INFO - Audio procesado: 'Gracias por tu ayuda'
2025-06-24 22:58:56,516 - IntegradorSensorial - INFO - Procesando comando de voz: 'gracias por tu ayuda'
2025-06-24 22:58:56,529 - SistemaVocal - INFO - Mensaje agregado a cola: 'Puedo verte a través de mi cámara, escucharte por ...'
2025-06-24 22:59:01,897 - SistemaVocal - INFO - Hablado (simulado): 'Puedo verte a través de mi cámara, escucharte por ...'
2025-06-24 22:59:06,553 - SistemaAuditivo - INFO - Audio procesado: 'Hola Aria, ¿cómo estás?'
2025-06-24 22:59:09,229 - IntegradorSensorial - INFO - Procesando comando de voz: 'hola aria, ¿cómo estás?'
2025-06-24 22:59:12,933 - SistemaVocal - INFO - Mensaje agregado a cola: '¡Hola! ¿Cómo estás? ¿En qué puedo ayudarte hoy?...'
2025-06-24 22:59:19,212 - SistemaAuditivo - INFO - Audio procesado: '¿Puedes ayudarme con algo?'
2025-06-24 22:59:19,227 - IntegradorSensorial - INFO - Procesando comando de voz: '¿puedes ayudarme con algo?'
2025-06-24 22:59:19,236 - SistemaVocal - INFO - Mensaje agregado a cola: 'Puedo verte a través de mi cámara, escucharte por ...'
2025-06-24 22:59:19,778 - SistemaVocal - INFO - Hablado (simulado): '¡Hola! ¿Cómo estás? ¿En qué puedo ayudarte hoy?...'
2025-06-24 22:59:29,165 - SistemaVocal - INFO - Hablado (simulado): 'Puedo verte a través de mi cámara, escucharte por ...'
2025-06-24 22:59:29,299 - SistemaAuditivo - INFO - Audio procesado: 'Cuéntame sobre el clima'
2025-06-24 22:59:30,506 - IntegradorSensorial - INFO - Procesando comando de voz: 'cuéntame sobre el clima'
2025-06-24 22:59:30,507 - SistemaVocal - INFO - Mensaje agregado a cola: 'Estoy procesando lo que dijiste. ¿Puedes reformula...'
2025-06-24 22:59:34,477 - SistemaVocal - INFO - Hablado (simulado): 'Estoy procesando lo que dijiste. ¿Puedes reformula...'
2025-06-24 22:59:40,489 - SistemaAuditivo - INFO - Audio procesado: '¿Qué hora es?'
2025-06-24 22:59:40,562 - IntegradorSensorial - INFO - Procesando comando de voz: '¿qué hora es?'
2025-06-24 22:59:40,563 - SistemaVocal - INFO - Mensaje agregado a cola: 'Son las 22:59....'
2025-06-24 22:59:41,867 - SistemaVocal - INFO - Hablado (simulado): 'Son las 22:59....'
2025-06-24 22:59:50,520 - SistemaAuditivo - INFO - Audio procesado: 'Gracias por tu ayuda'
2025-06-24 22:59:50,846 - IntegradorSensorial - INFO - Procesando comando de voz: 'gracias por tu ayuda'
2025-06-24 22:59:50,922 - SistemaVocal - INFO - Mensaje agregado a cola: 'Puedo verte a través de mi cámara, escucharte por ...'
2025-06-24 22:59:56,035 - SistemaVocal - INFO - Hablado (simulado): 'Puedo verte a través de mi cámara, escucharte por ...'
2025-06-24 23:00:00,876 - SistemaAuditivo - INFO - Audio procesado: 'Hola Aria, ¿cómo estás?'
2025-06-24 23:00:01,009 - IntegradorSensorial - INFO - Procesando comando de voz: 'hola aria, ¿cómo estás?'
2025-06-24 23:00:05,006 - SistemaVocal - INFO - Mensaje agregado a cola: '¡Hola! ¿Cómo estás? ¿En qué puedo ayudarte hoy?...'
2025-06-24 23:00:08,443 - SistemaVocal - INFO - Hablado (simulado): '¡Hola! ¿Cómo estás? ¿En qué puedo ayudarte hoy?...'
2025-06-24 23:00:11,000 - SistemaAuditivo - INFO - Audio procesado: '¿Puedes ayudarme con algo?'
2025-06-24 23:00:13,836 - IntegradorSensorial - INFO - Procesando comando de voz: '¿puedes ayudarme con algo?'
2025-06-24 23:00:14,974 - SistemaVocal - INFO - Mensaje agregado a cola: 'Puedo verte a través de mi cámara, escucharte por ...'
2025-06-24 23:00:20,192 - SistemaVocal - INFO - Hablado (simulado): 'Puedo verte a través de mi cámara, escucharte por ...'
2025-06-24 23:00:23,766 - SistemaAuditivo - INFO - Audio procesado: 'Cuéntame sobre el clima'
2025-06-24 23:00:24,303 - IntegradorSensorial - INFO - Procesando comando de voz: 'cuéntame sobre el clima'
2025-06-24 23:00:26,632 - SistemaVocal - INFO - Mensaje agregado a cola: 'Estoy procesando lo que dijiste. ¿Puedes reformula...'
2025-06-24 23:00:30,523 - SistemaVocal - INFO - Hablado (simulado): 'Estoy procesando lo que dijiste. ¿Puedes reformula...'
2025-06-24 23:00:34,334 - SistemaAuditivo - INFO - Audio procesado: '¿Qué hora es?'
2025-06-24 23:00:34,669 - IntegradorSensorial - INFO - Procesando comando de voz: '¿qué hora es?'
2025-06-24 23:00:34,670 - SistemaVocal - INFO - Mensaje agregado a cola: 'Son las 23:00....'
2025-06-24 23:00:36,035 - SistemaVocal - INFO - Hablado (simulado): 'Son las 23:00....'
2025-06-24 23:00:44,649 - SistemaAuditivo - INFO - Audio procesado: 'Gracias por tu ayuda'
2025-06-24 23:00:44,681 - IntegradorSensorial - INFO - Procesando comando de voz: 'gracias por tu ayuda'
2025-06-24 23:00:44,682 - SistemaVocal - INFO - Mensaje agregado a cola: 'Puedo verte a través de mi cámara, escucharte por ...'
2025-06-24 23:00:49,801 - SistemaVocal - INFO - Hablado (simulado): 'Puedo verte a través de mi cámara, escucharte por ...'
2025-06-24 23:00:54,683 - SistemaAuditivo - INFO - Audio procesado: 'Hola Aria, ¿cómo estás?'
2025-06-24 23:00:54,799 - IntegradorSensorial - INFO - Procesando comando de voz: 'hola aria, ¿cómo estás?'
2025-06-24 23:00:55,099 - SistemaVocal - INFO - Mensaje agregado a cola: '¡Hola! ¿Cómo estás? ¿En qué puedo ayudarte hoy?...'
2025-06-24 23:00:58,343 - SistemaVocal - INFO - Hablado (simulado): '¡Hola! ¿Cómo estás? ¿En qué puedo ayudarte hoy?...'
2025-06-24 23:01:04,692 - SistemaAuditivo - INFO - Audio procesado: '¿Puedes ayudarme con algo?'
2025-06-24 23:01:04,727 - IntegradorSensorial - INFO - Procesando comando de voz: '¿puedes ayudarme con algo?'
2025-06-24 23:01:04,728 - SistemaVocal - INFO - Mensaje agregado a cola: 'Puedo verte a través de mi cámara, escucharte por ...'
2025-06-24 23:01:09,830 - SistemaVocal - INFO - Hablado (simulado): 'Puedo verte a través de mi cámara, escucharte por ...'
2025-06-24 23:01:14,694 - SistemaAuditivo - INFO - Audio procesado: 'Cuéntame sobre el clima'
2025-06-24 23:01:14,790 - IntegradorSensorial - INFO - Procesando comando de voz: 'cuéntame sobre el clima'
2025-06-24 23:01:14,790 - SistemaVocal - INFO - Mensaje agregado a cola: 'Estoy procesando lo que dijiste. ¿Puedes reformula...'
2025-06-24 23:01:18,458 - SistemaVocal - INFO - Hablado (simulado): 'Estoy procesando lo que dijiste. ¿Puedes reformula...'
2025-06-24 23:01:24,696 - SistemaAuditivo - INFO - Audio procesado: '¿Qué hora es?'
2025-06-24 23:01:24,714 - IntegradorSensorial - INFO - Procesando comando de voz: '¿qué hora es?'
2025-06-24 23:01:24,724 - SistemaVocal - INFO - Mensaje agregado a cola: 'Son las 23:01....'
2025-06-24 23:01:26,028 - SistemaVocal - INFO - Hablado (simulado): 'Son las 23:01....'
2025-06-24 23:01:34,696 - SistemaAuditivo - INFO - Audio procesado: 'Gracias por tu ayuda'
2025-06-24 23:01:34,747 - IntegradorSensorial - INFO - Procesando comando de voz: 'gracias por tu ayuda'
2025-06-24 23:01:34,749 - SistemaVocal - INFO - Mensaje agregado a cola: 'Puedo verte a través de mi cámara, escucharte por ...'
2025-06-24 23:01:39,861 - SistemaVocal - INFO - Hablado (simulado): 'Puedo verte a través de mi cámara, escucharte por ...'
2025-06-24 23:01:44,721 - SistemaAuditivo - INFO - Audio procesado: 'Hola Aria, ¿cómo estás?'
2025-06-24 23:01:44,902 - IntegradorSensorial - INFO - Procesando comando de voz: 'hola aria, ¿cómo estás?'
2025-06-24 23:01:44,903 - SistemaVocal - INFO - Mensaje agregado a cola: '¡Hola! ¿Cómo estás? ¿En qué puedo ayudarte hoy?...'
2025-06-24 23:01:48,229 - SistemaVocal - INFO - Hablado (simulado): '¡Hola! ¿Cómo estás? ¿En qué puedo ayudarte hoy?...'
2025-06-24 23:01:54,888 - SistemaAuditivo - INFO - Audio procesado: '¿Puedes ayudarme con algo?'
2025-06-24 23:01:54,901 - IntegradorSensorial - INFO - Procesando comando de voz: '¿puedes ayudarme con algo?'
2025-06-24 23:01:54,902 - SistemaVocal - INFO - Mensaje agregado a cola: 'Puedo verte a través de mi cámara, escucharte por ...'
2025-06-24 23:02:00,034 - SistemaVocal - INFO - Hablado (simulado): 'Puedo verte a través de mi cámara, escucharte por ...'
2025-06-24 23:02:04,908 - SistemaAuditivo - INFO - Audio procesado: 'Cuéntame sobre el clima'
2025-06-24 23:02:04,919 - IntegradorSensorial - INFO - Procesando comando de voz: 'cuéntame sobre el clima'
2025-06-24 23:02:04,952 - SistemaVocal - INFO - Mensaje agregado a cola: 'Estoy procesando lo que dijiste. ¿Puedes reformula...'
2025-06-24 23:02:08,620 - SistemaVocal - INFO - Hablado (simulado): 'Estoy procesando lo que dijiste. ¿Puedes reformula...'
2025-06-24 23:02:14,919 - SistemaAuditivo - INFO - Audio procesado: '¿Qué hora es?'
2025-06-24 23:02:14,985 - IntegradorSensorial - INFO - Procesando comando de voz: '¿qué hora es?'
2025-06-24 23:02:14,985 - SistemaVocal - INFO - Mensaje agregado a cola: 'Son las 23:02....'
2025-06-24 23:02:16,288 - SistemaVocal - INFO - Hablado (simulado): 'Son las 23:02....'
2025-06-24 23:02:24,920 - SistemaAuditivo - INFO - Audio procesado: 'Gracias por tu ayuda'
2025-06-24 23:02:24,921 - IntegradorSensorial - INFO - Procesando comando de voz: 'gracias por tu ayuda'
2025-06-24 23:02:24,922 - SistemaVocal - INFO - Mensaje agregado a cola: 'Puedo verte a través de mi cámara, escucharte por ...'
2025-06-24 23:02:30,025 - SistemaVocal - INFO - Hablado (simulado): 'Puedo verte a través de mi cámara, escucharte por ...'
2025-06-24 23:02:34,932 - SistemaAuditivo - INFO - Audio procesado: 'Hola Aria, ¿cómo estás?'
2025-06-24 23:02:35,068 - IntegradorSensorial - INFO - Procesando comando de voz: 'hola aria, ¿cómo estás?'
2025-06-24 23:02:35,079 - SistemaVocal - INFO - Mensaje agregado a cola: '¡Hola! ¿Cómo estás? ¿En qué puedo ayudarte hoy?...'
2025-06-24 23:02:38,369 - SistemaVocal - INFO - Hablado (simulado): '¡Hola! ¿Cómo estás? ¿En qué puedo ayudarte hoy?...'
2025-06-24 23:02:44,969 - SistemaAuditivo - INFO - Audio procesado: '¿Puedes ayudarme con algo?'
2025-06-24 23:02:45,024 - IntegradorSensorial - INFO - Procesando comando de voz: '¿puedes ayudarme con algo?'
2025-06-24 23:02:45,024 - SistemaVocal - INFO - Mensaje agregado a cola: 'Puedo verte a través de mi cámara, escucharte por ...'
2025-06-24 23:02:50,171 - SistemaVocal - INFO - Hablado (simulado): 'Puedo verte a través de mi cámara, escucharte por ...'
2025-06-24 23:02:54,971 - SistemaAuditivo - INFO - Audio procesado: 'Cuéntame sobre el clima'
2025-06-24 23:02:55,029 - IntegradorSensorial - INFO - Procesando comando de voz: 'cuéntame sobre el clima'
2025-06-24 23:02:55,030 - SistemaVocal - INFO - Mensaje agregado a cola: 'Estoy procesando lo que dijiste. ¿Puedes reformula...'
2025-06-24 23:02:58,730 - SistemaVocal - INFO - Hablado (simulado): 'Estoy procesando lo que dijiste. ¿Puedes reformula...'
2025-06-24 23:03:04,972 - SistemaAuditivo - INFO - Audio procesado: '¿Qué hora es?'
2025-06-24 23:03:05,047 - IntegradorSensorial - INFO - Procesando comando de voz: '¿qué hora es?'
2025-06-24 23:03:05,048 - SistemaVocal - INFO - Mensaje agregado a cola: 'Son las 23:03....'
2025-06-24 23:03:06,362 - SistemaVocal - INFO - Hablado (simulado): 'Son las 23:03....'
2025-06-24 23:03:14,973 - SistemaAuditivo - INFO - Audio procesado: 'Gracias por tu ayuda'
2025-06-24 23:03:14,977 - IntegradorSensorial - INFO - Procesando comando de voz: 'gracias por tu ayuda'
2025-06-24 23:03:14,978 - SistemaVocal - INFO - Mensaje agregado a cola: 'Puedo verte a través de mi cámara, escucharte por ...'
2025-06-24 23:03:20,088 - SistemaVocal - INFO - Hablado (simulado): 'Puedo verte a través de mi cámara, escucharte por ...'
2025-06-24 23:03:24,974 - SistemaAuditivo - INFO - Audio procesado: 'Hola Aria, ¿cómo estás?'
2025-06-24 23:03:24,982 - IntegradorSensorial - INFO - Procesando comando de voz: 'hola aria, ¿cómo estás?'
2025-06-24 23:03:24,982 - SistemaVocal - INFO - Mensaje agregado a cola: '¡Hola! ¿Cómo estás? ¿En qué puedo ayudarte hoy?...'
2025-06-24 23:03:28,336 - SistemaVocal - INFO - Hablado (simulado): '¡Hola! ¿Cómo estás? ¿En qué puedo ayudarte hoy?...'
2025-06-24 23:03:34,975 - SistemaAuditivo - INFO - Audio procesado: '¿Puedes ayudarme con algo?'
2025-06-24 23:03:35,053 - IntegradorSensorial - INFO - Procesando comando de voz: '¿puedes ayudarme con algo?'
2025-06-24 23:03:35,054 - SistemaVocal - INFO - Mensaje agregado a cola: 'Puedo verte a través de mi cámara, escucharte por ...'
2025-06-24 23:03:40,153 - SistemaVocal - INFO - Hablado (simulado): 'Puedo verte a través de mi cámara, escucharte por ...'
2025-06-24 23:03:44,976 - SistemaAuditivo - INFO - Audio procesado: 'Cuéntame sobre el clima'
2025-06-24 23:03:45,056 - IntegradorSensorial - INFO - Procesando comando de voz: 'cuéntame sobre el clima'
2025-06-24 23:03:45,061 - SistemaVocal - INFO - Mensaje agregado a cola: 'Estoy procesando lo que dijiste. ¿Puedes reformula...'
2025-06-24 23:03:48,770 - SistemaVocal - INFO - Hablado (simulado): 'Estoy procesando lo que dijiste. ¿Puedes reformula...'
2025-06-24 23:03:55,037 - SistemaAuditivo - INFO - Audio procesado: '¿Qué hora es?'
2025-06-24 23:03:56,853 - IntegradorSensorial - INFO - Procesando comando de voz: '¿qué hora es?'
2025-06-24 23:04:01,549 - SistemaVocal - INFO - Mensaje agregado a cola: 'Son las 23:04....'
2025-06-24 23:04:06,799 - SistemaAuditivo - INFO - Audio procesado: 'Gracias por tu ayuda'
2025-06-24 23:04:11,348 - IntegradorSensorial - INFO - Procesando comando de voz: 'gracias por tu ayuda'
2025-06-24 23:04:12,583 - SistemaVocal - INFO - Hablado (simulado): 'Son las 23:04....'
2025-06-24 23:04:16,244 - SistemaVocal - INFO - Mensaje agregado a cola: 'Puedo verte a través de mi cámara, escucharte por ...'
2025-06-24 23:04:21,294 - SistemaAuditivo - INFO - Audio procesado: 'Hola Aria, ¿cómo estás?'
2025-06-24 23:04:21,529 - SistemaVocal - INFO - Hablado (simulado): 'Puedo verte a través de mi cámara, escucharte por ...'
2025-06-24 23:04:24,143 - IntegradorSensorial - INFO - Procesando comando de voz: 'hola aria, ¿cómo estás?'
2025-06-24 23:04:24,151 - SistemaVocal - INFO - Mensaje agregado a cola: '¡Hola! ¿Cómo estás? ¿En qué puedo ayudarte hoy?...'
2025-06-24 23:04:30,695 - SistemaVocal - INFO - Hablado (simulado): '¡Hola! ¿Cómo estás? ¿En qué puedo ayudarte hoy?...'
2025-06-24 23:04:34,179 - SistemaAuditivo - INFO - Audio procesado: '¿Puedes ayudarme con algo?'
2025-06-24 23:04:34,707 - IntegradorSensorial - INFO - Procesando comando de voz: '¿puedes ayudarme con algo?'
2025-06-24 23:04:34,719 - SistemaVocal - INFO - Mensaje agregado a cola: 'Puedo verte a través de mi cámara, escucharte por ...'
2025-06-24 23:04:42,414 - SistemaVocal - INFO - Hablado (simulado): 'Puedo verte a través de mi cámara, escucharte por ...'
2025-06-24 23:04:44,685 - SistemaAuditivo - INFO - Audio procesado: 'Cuéntame sobre el clima'
2025-06-24 23:04:47,287 - IntegradorSensorial - INFO - Procesando comando de voz: 'cuéntame sobre el clima'
2025-06-24 23:04:51,682 - SistemaVocal - INFO - Mensaje agregado a cola: 'Estoy procesando lo que dijiste. ¿Puedes reformula...'
2025-06-24 23:04:57,252 - SistemaAuditivo - INFO - Audio procesado: '¿Qué hora es?'
2025-06-24 23:04:58,951 - IntegradorSensorial - INFO - Procesando comando de voz: '¿qué hora es?'
2025-06-24 23:04:59,313 - SistemaVocal - INFO - Hablado (simulado): 'Estoy procesando lo que dijiste. ¿Puedes reformula...'
2025-06-24 23:05:02,248 - SistemaVocal - INFO - Mensaje agregado a cola: 'Son las 23:05....'
2025-06-24 23:05:03,474 - SistemaVocal - INFO - Hablado (simulado): 'Son las 23:05....'
2025-06-24 23:05:08,896 - SistemaAuditivo - INFO - Audio procesado: 'Gracias por tu ayuda'
2025-06-24 23:05:10,754 - IntegradorSensorial - INFO - Procesando comando de voz: 'gracias por tu ayuda'
2025-06-24 23:05:14,921 - SistemaVocal - INFO - Mensaje agregado a cola: 'Puedo verte a través de mi cámara, escucharte por ...'
2025-06-24 23:05:20,172 - SistemaVocal - INFO - Hablado (simulado): 'Puedo verte a través de mi cámara, escucharte por ...'
2025-06-24 23:05:20,656 - SistemaAuditivo - INFO - Audio procesado: 'Hola Aria, ¿cómo estás?'
2025-06-24 23:05:20,709 - IntegradorSensorial - INFO - Procesando comando de voz: 'hola aria, ¿cómo estás?'
2025-06-24 23:05:20,998 - SistemaVocal - INFO - Mensaje agregado a cola: '¡Hola! ¿Cómo estás? ¿En qué puedo ayudarte hoy?...'
2025-06-24 23:05:24,464 - SistemaVocal - INFO - Hablado (simulado): '¡Hola! ¿Cómo estás? ¿En qué puedo ayudarte hoy?...'
2025-06-24 23:05:30,679 - SistemaAuditivo - INFO - Audio procesado: '¿Puedes ayudarme con algo?'
2025-06-24 23:05:31,082 - IntegradorSensorial - INFO - Procesando comando de voz: '¿puedes ayudarme con algo?'
2025-06-24 23:05:31,207 - SistemaVocal - INFO - Mensaje agregado a cola: 'Puedo verte a través de mi cámara, escucharte por ...'
2025-06-24 23:05:36,805 - SistemaVocal - INFO - Hablado (simulado): 'Puedo verte a través de mi cámara, escucharte por ...'
2025-06-24 23:05:41,035 - SistemaAuditivo - INFO - Audio procesado: 'Cuéntame sobre el clima'
2025-06-24 23:05:41,548 - IntegradorSensorial - INFO - Procesando comando de voz: 'cuéntame sobre el clima'
2025-06-24 23:05:41,555 - SistemaVocal - INFO - Mensaje agregado a cola: 'Estoy procesando lo que dijiste. ¿Puedes reformula...'
2025-06-24 23:05:45,267 - SistemaVocal - INFO - Hablado (simulado): 'Estoy procesando lo que dijiste. ¿Puedes reformula...'
2025-06-24 23:05:51,504 - SistemaAuditivo - INFO - Audio procesado: '¿Qué hora es?'
2025-06-24 23:05:53,213 - IntegradorSensorial - INFO - Procesando comando de voz: '¿qué hora es?'
2025-06-24 23:05:58,737 - SistemaVocal - INFO - Mensaje agregado a cola: 'Son las 23:05....'
2025-06-24 23:06:03,202 - SistemaAuditivo - INFO - Audio procesado: 'Gracias por tu ayuda'
2025-06-24 23:06:04,430 - IntegradorSensorial - INFO - Procesando comando de voz: 'gracias por tu ayuda'
2025-06-24 23:06:05,715 - SistemaVocal - INFO - Hablado (simulado): 'Son las 23:05....'
2025-06-24 23:06:09,734 - SistemaVocal - INFO - Mensaje agregado a cola: 'Puedo verte a través de mi cámara, escucharte por ...'
2025-06-24 23:06:14,383 - SistemaAuditivo - INFO - Audio procesado: 'Hola Aria, ¿cómo estás?'
2025-06-24 23:06:14,783 - SistemaVocal - INFO - Hablado (simulado): 'Puedo verte a través de mi cámara, escucharte por ...'
2025-06-24 23:06:15,010 - IntegradorSensorial - INFO - Procesando comando de voz: 'hola aria, ¿cómo estás?'
2025-06-24 23:06:15,151 - SistemaVocal - INFO - Mensaje agregado a cola: '¡Hola! ¿Cómo estás? ¿En qué puedo ayudarte hoy?...'
2025-06-24 23:06:18,400 - SistemaVocal - INFO - Hablado (simulado): '¡Hola! ¿Cómo estás? ¿En qué puedo ayudarte hoy?...'
2025-06-24 23:06:25,060 - SistemaAuditivo - INFO - Audio procesado: '¿Puedes ayudarme con algo?'
2025-06-24 23:06:26,432 - IntegradorSensorial - INFO - Procesando comando de voz: '¿puedes ayudarme con algo?'
2025-06-24 23:06:26,548 - SistemaVocal - INFO - Mensaje agregado a cola: 'Puedo verte a través de mi cámara, escucharte por ...'
2025-06-24 23:06:31,761 - SistemaVocal - INFO - Hablado (simulado): 'Puedo verte a través de mi cámara, escucharte por ...'
2025-06-24 23:06:36,456 - SistemaAuditivo - INFO - Audio procesado: 'Cuéntame sobre el clima'
2025-06-24 23:06:40,158 - IntegradorSensorial - INFO - Procesando comando de voz: 'cuéntame sobre el clima'
2025-06-24 23:06:44,634 - SistemaVocal - INFO - Mensaje agregado a cola: 'Estoy procesando lo que dijiste. ¿Puedes reformula...'
2025-06-24 23:06:50,151 - SistemaAuditivo - INFO - Audio procesado: '¿Qué hora es?'
2025-06-24 23:06:50,489 - IntegradorSensorial - INFO - Procesando comando de voz: '¿qué hora es?'
2025-06-24 23:06:51,937 - SistemaVocal - INFO - Hablado (simulado): 'Estoy procesando lo que dijiste. ¿Puedes reformula...'
2025-06-24 23:06:54,423 - SistemaVocal - INFO - Mensaje agregado a cola: 'Son las 23:06....'
2025-06-24 23:06:55,729 - SistemaVocal - INFO - Hablado (simulado): 'Son las 23:06....'
2025-06-24 23:07:00,411 - SistemaAuditivo - INFO - Audio procesado: 'Gracias por tu ayuda'
2025-06-24 23:07:04,389 - IntegradorSensorial - INFO - Procesando comando de voz: 'gracias por tu ayuda'
2025-06-24 23:07:07,344 - SistemaVocal - INFO - Mensaje agregado a cola: 'Puedo verte a través de mi cámara, escucharte por ...'
2025-06-24 23:07:12,403 - SistemaVocal - INFO - Hablado (simulado): 'Puedo verte a través de mi cámara, escucharte por ...'
2025-06-24 23:07:14,346 - SistemaAuditivo - INFO - Audio procesado: 'Hola Aria, ¿cómo estás?'
2025-06-24 23:07:16,122 - IntegradorSensorial - INFO - Procesando comando de voz: 'hola aria, ¿cómo estás?'
2025-06-24 23:07:18,542 - SistemaVocal - INFO - Mensaje agregado a cola: '¡Hola! ¿Cómo estás? ¿En qué puedo ayudarte hoy?...'
2025-06-24 23:07:23,000 - SistemaVocal - INFO - Hablado (simulado): '¡Hola! ¿Cómo estás? ¿En qué puedo ayudarte hoy?...'
2025-06-24 23:07:26,022 - SistemaAuditivo - INFO - Audio procesado: '¿Puedes ayudarme con algo?'
2025-06-24 23:07:26,303 - IntegradorSensorial - INFO - Procesando comando de voz: '¿puedes ayudarme con algo?'
2025-06-24 23:07:27,564 - SistemaVocal - INFO - Mensaje agregado a cola: 'Puedo verte a través de mi cámara, escucharte por ...'
2025-06-24 23:07:32,586 - SistemaVocal - INFO - Hablado (simulado): 'Puedo verte a través de mi cámara, escucharte por ...'
2025-06-24 23:07:36,192 - SistemaAuditivo - INFO - Audio procesado: 'Cuéntame sobre el clima'
2025-06-24 23:07:36,376 - IntegradorSensorial - INFO - Procesando comando de voz: 'cuéntame sobre el clima'
2025-06-24 23:07:36,489 - SistemaVocal - INFO - Mensaje agregado a cola: 'Estoy procesando lo que dijiste. ¿Puedes reformula...'
2025-06-24 23:07:40,513 - SistemaVocal - INFO - Hablado (simulado): 'Estoy procesando lo que dijiste. ¿Puedes reformula...'
2025-06-24 23:07:46,238 - SistemaAuditivo - INFO - Audio procesado: '¿Qué hora es?'
2025-06-24 23:07:48,196 - IntegradorSensorial - INFO - Procesando comando de voz: '¿qué hora es?'
2025-06-24 23:07:49,594 - SistemaVocal - INFO - Mensaje agregado a cola: 'Son las 23:07....'
2025-06-24 23:07:50,852 - SistemaVocal - INFO - Hablado (simulado): 'Son las 23:07....'
